#
# A fatal error has been detected by the Java Runtime Environment:
#
#  SIGSEGV (0xb) at pc=0x00000001028937f0, pid=71051, tid=40455
#
# JRE version: OpenJDK Runtime Environment Temurin-17.0.1+12 (17.0.1+12) (build 17.0.1+12)
# Java VM: OpenJDK 64-Bit Server VM Temurin-17.0.1+12 (17.0.1+12, mixed mode, tiered, compressed oops, compressed class ptrs, g1 gc, bsd-aarch64)
# Problematic frame:
# V  [libjvm.dylib+0x9577f0]  _ZNK6Symbol11as_C_stringEv+0x10
#
# No core dump will be written. Core dumps have been disabled. To enable core dumping, try "ulimit -c unlimited" before starting Java again
#
# If you would like to submit a bug report, please visit:
#   https://github.com/adoptium/adoptium-support/issues
#

---------------  S U M M A R Y ------------

Command Line: -XX:+ShowCodeDetailsInExceptionMessages -agentlib:jdwp=transport=dt_socket,suspend=y,address=localhost:60565 -ea -javaagent:/Applications/Eclipse.app/Contents/Eclipse/configuration/org.eclipse.osgi/213/0/.cp/lib/javaagent-shaded.jar -Dfile.encoding=UTF-8 org.eclipse.jdt.internal.junit.runner.RemoteTestRunner -version 3 -port 60564 -testLoaderClass org.eclipse.jdt.internal.junit4.runner.JUnit4TestLoader -loaderpluginname org.eclipse.jdt.junit4.runtime -classNames tests.PublicTests

Host: "MacBookAir10,1" arm64 1 MHz, 8 cores, 8G, Darwin 21.6.0, macOS 12.6 (21G115)
Time: Wed Dec  7 19:42:53 2022 EST elapsed time: 4216.602359 seconds (0d 1h 10m 16s)

---------------  T H R E A D  ---------------

Current thread (0x00000001198af400):  JavaThread "JDWP Transport Listener: dt_socket" daemon [_thread_in_vm, id=40455, stack(0x0000000171390000,0x0000000171593000)]

Stack: [0x0000000171390000,0x0000000171593000],  sp=0x00000001715929c0,  free space=2058k
Native frames: (J=compiled Java code, j=interpreted, Vv=VM code, C=native code)
V  [libjvm.dylib+0x9577f0]  _ZNK6Symbol11as_C_stringEv+0x10
V  [libjvm.dylib+0x626268]  _ZN8JvmtiEnv17GetClassSignatureEP7oopDescPPcS3_+0x138
V  [libjvm.dylib+0x5e5438]  _ZL23jvmti_GetClassSignatureP9_jvmtiEnvP7_jclassPPcS4_+0x1b8
C  [libjdwp.dylib+0x2a4fc]  classSignature+0x84
C  [libjdwp.dylib+0xcaec]  allClasses1+0x154
C  [libjdwp.dylib+0xc630]  allClassesWithGeneric+0x14
C  [libjdwp.dylib+0x11bcc]  debugLoop_run+0x1ec
C  [libjdwp.dylib+0x24fd8]  attachThread+0x78
V  [libjvm.dylib+0x63ee98]  _ZN16JvmtiAgentThread19call_start_functionEv+0x80
V  [libjvm.dylib+0x993260]  _ZN10JavaThread17thread_main_innerEv+0x13c
V  [libjvm.dylib+0x99193c]  _ZN6Thread8call_runEv+0x128
V  [libjvm.dylib+0x7bba10]  _ZL19thread_native_entryP6Thread+0x158
C  [libsystem_pthread.dylib+0x726c]  _pthread_start+0x94


siginfo: si_signo: 11 (SIGSEGV), si_code: 2 (SEGV_ACCERR), si_addr: 0x0000000000a50020

Register to memory mapping:

 x0=0x0000000000a5001c is an unknown value
 x1=0x000000011960e92e points into unknown readable memory: 6e 65
 x2=0x0 is NULL
 x3=0x00006000034a48be points into unknown readable memory: 00 00
 x4=0x00005ffe90211607 is an unknown value
 x5=0x0000000000000007 is an unknown value
 x6=0x0 is NULL
 x7=0x0 is NULL
 x8=0x000000011f31de30 is pointing into metadata
 x9=0x00000000000000a6 is an unknown value
x10=0x00000000000008a0 is an unknown value
x11=0x0 is NULL
x12=0x00000000f90dbffb is an unknown value
x13=0x00000000790db800 is an unknown value
x14=0x0000000079000000 is an unknown value
x15=0x00000000000001b8 is an unknown value
x16=0x00000001a1cecb38: _platform_strcpy+0 in /usr/lib/system/libsystem_platform.dylib at 0x00000001a1ceb000
x17=0x00000000000008fd is an unknown value
x18=0x0 is NULL
x19=0x0000000000a5001c is an unknown value
x20=0x000000011960e8e0 points into unknown readable memory: 0x0000000000000000 | 00 00 00 00 00 00 00 00
x21=0x000000011960ecc8 points into unknown readable memory: 0x0000000000000000 | 00 00 00 00 00 00 00 00
x22=0x0000000171592b00 is pointing into the stack for thread: 0x00000001198af400
x23=0x0000000171592ab8 is pointing into the stack for thread: 0x00000001198af400
x24=0x000000080011a250 is a pointer to class: 
mediaRentalManager.Customer {0x000000080011a250}
 - instance size:     4
 - klass size:        78
 - access:            public synchronized 
 - state:             fully_initialized
 - name:              'mediaRentalManager/Customer'
 - super:             'java/lang/Object'
 - sub:               
 - arrays:            NULL
 - methods:           Array<T>(0x000000011f31d8a0)
 - method ordering:   Array<T>(0x000000011f30fe98)
 - default_methods:   Array<T>(0x0000000000000000)
 - local interfaces:  Array<T>(0x000000011f30aed0)
 - trans. interfaces: Array<T>(0x000000011f30aed0)
 - constants:         constant pool [169] {0x000000011f31d900} for 'mediaRentalManager/Customer' cache=0x000000011f31fb10
 - class loader data:  loader data: 0x00006000005903c0 for instance a 'jdk/internal/loader/ClassLoaders$AppClassLoader'{0x0000000787f565b0}
 - source file:       'Customer.java'
 - source debug extension:       SMAP
Customer.java
Java
*S jdt
*F
1 Customer.java
2 file:/Users/_bobal_/eclipse-workspace/MediaRentalManager/bin/
*L
*E

 - class annotations:       Array<T>(0x0000000000000000)
 - class type annotations:  Array<T>(0x0000000000000000)
 - field annotations:       Array<T>(0x0000000000000000)
 - field type annotations:  Array<T>(0x0000000000000000)
 - generic signature: '
[error occurred during error reporting (printing register info), id 0xb, SIGSEGV (0xb) at pc=0x0000000102894694]

Registers:
 x0=0x0000000000a5001c  x1=0x000000011960e92e  x2=0x0000000000000000  x3=0x00006000034a48be
 x4=0x00005ffe90211607  x5=0x0000000000000007  x6=0x0000000000000000  x7=0x0000000000000000
 x8=0x000000011f31de30  x9=0x00000000000000a6 x10=0x00000000000008a0 x11=0x0000000000000000
x12=0x00000000f90dbffb x13=0x00000000790db800 x14=0x0000000079000000 x15=0x00000000000001b8
x16=0x00000001a1cecb38 x17=0x00000000000008fd x18=0x0000000000000000 x19=0x0000000000a5001c
x20=0x000000011960e8e0 x21=0x000000011960ecc8 x22=0x0000000171592b00 x23=0x0000000171592ab8
x24=0x000000080011a250 x25=0x000000080011a250 x26=0x0000000129605170 x27=0x000000011960e910
x28=0x000000011960e8f0  fp=0x00000001715929d0  lr=0x0000000102562268  sp=0x00000001715929c0
pc=0x00000001028937f0 cpsr=0x0000000020001000
Top of Stack: (sp=0x00000001715929c0)
0x00000001715929c0:   000000011960e8e0 0000600003a8bed0
0x00000001715929d0:   0000000171592a40 0000000102562268
0x00000001715929e0:   000000011962a768 00000000000003d8
0x00000001715929f0:   0000000100fc8000 0000000000003370
0x0000000171592a00:   0000000000000080 0000000100fc9268
0x0000000171592a10:   00000007872c40c8 0000000129605170
0x0000000171592a20:   0000000171592ab8 0000000171592b00
0x0000000171592a30:   0000000000000000 00000001198af400
0x0000000171592a40:   0000000171592aa0 0000000102521438
0x0000000171592a50:   00000001198af400 0000000000000000
0x0000000171592a60:   0000000100000000 0000000000000000
0x0000000171592a70:   0000000000000001 000000011962a768
0x0000000171592a80:   0000000100fc9000 000000011962a768
0x0000000171592a90:   0000000171592b00 0000000171592b08
0x0000000171592aa0:   0000000171592ae0 0000000100fba4fc
0x0000000171592ab0:   0000000000000001 00006000034a48a0
0x0000000171592ac0:   0000000000000007 0000000000000001
0x0000000171592ad0:   0000000171592c18 00000001198af6a8
0x0000000171592ae0:   0000000171592b70 0000000100f9caec
0x0000000171592af0:   0000000171592b20 00000001025640b0
0x0000000171592b00:   0000000000000000 0000000000000000
0x0000000171592b10:   0000000128013a00 000006f800000008
0x0000000171592b20:   0000000100fc8000 0000000100fc8000
0x0000000171592b30:   0000000000000000 0000000100fc8000
0x0000000171592b40:   0000000100f9c61c 0000000000000014
0x0000000171592b50:   0000000000000001 0000000000000001
0x0000000171592b60:   000095020000000b 0000000000000014
0x0000000171592b70:   0000000171592b80 0000000100f9c630
0x0000000171592b80:   0000000171592e10 0000000100fa1bcc
0x0000000171592b90:   0000000119628d68 0000000000000000
0x0000000171592ba0:   0000000000000000 f227fde797410099
0x0000000171592bb0:   0000000000000000 0000000171592bcb 

Instructions: (pc=0x00000001028937f0)
0x00000001028936f0:   aa1703e1 aa1403e2 94045fc6 34000080
0x0000000102893700:   eb1a02df 54fffe69 17ffffd8 4b190300
0x0000000102893710:   a9457bfd a9444ff4 a94357f6 a9425ff8
0x0000000102893720:   a94167fa a8c66ffc d65f03c0 71000448
0x0000000102893730:   5400054b a9bf7bfd 910003fd 79400809
0x0000000102893740:   6b02013f 1a88b128 7100051f 5400042b
0x0000000102893750:   2a0803e9 71007d1f 540002a9 8b09002a
0x0000000102893760:   9100180b 8b00012c 9100198c eb01019f
0x0000000102893770:   fa4a8162 540001c3 927b692a 9100580b
0x0000000102893780:   9100402c aa0a03ed ad7f8560 ad3f8580
0x0000000102893790:   9100816b 9100818c f10081ad 54ffff61
0x00000001028937a0:   eb09015f 54000061 1400000a d280000a
0x00000001028937b0:   8b0a002b 8b00014c 9100198c cb0a0129
0x00000001028937c0:   3840158a 3800156a f1000529 54ffffa1
0x00000001028937d0:   3828c83f a8c17bfd aa0103e0 d65f03c0
0x00000001028937e0:   a9be4ff4 a9017bfd 910043fd aa0003f3
0x00000001028937f0:   79400814 91000680 52800001 97fb8b7a
0x0000000102893800:   79400a68 6b08029f 1a883288 7100051f
0x0000000102893810:   5400048b 7100811f 54000303 8b080009
0x0000000102893820:   91001a6a 8b13010b 9100196b eb0b001f
0x0000000102893830:   fa493142 54000223 927b2909 91005a6a
0x0000000102893840:   9100400b aa0903ec ad7f8540 ad3f8560
0x0000000102893850:   9100814a 9100816b f100818c 54ffff61
0x0000000102893860:   eb08013f 540000c1 3828681f a9417bfd
0x0000000102893870:   a8c24ff4 d65f03c0 d2800009 cb09010a
0x0000000102893880:   8b09000b 8b130129 91001929 3840152c
0x0000000102893890:   3800156c f100054a 54ffffa1 17fffff3
0x00000001028938a0:   d2800008 3828681f a9417bfd a8c24ff4
0x00000001028938b0:   d65f03c0 d10103ff a90157f6 a9024ff4
0x00000001028938c0:   a9037bfd 9100c3fd aa0103f3 aa0003f4
0x00000001028938d0:   79400815 910006a0 52800001 97fb8b42
0x00000001028938e0:   79400a88 6b0802bf 1a8832a8 7100051f 


Stack slot to memory mapping:
stack at sp + 0 slots: 0x000000011960e8e0 points into unknown readable memory: 0x0000000000000000 | 00 00 00 00 00 00 00 00
stack at sp + 1 slots: 0x0000600003a8bed0 points into unknown readable memory: 0x0000000000000002 | 02 00 00 00 00 00 00 00
stack at sp + 2 slots: 0x0000000171592a40 is pointing into the stack for thread: 0x00000001198af400
stack at sp + 3 slots: 0x0000000102562268: _ZN8JvmtiEnv17GetClassSignatureEP7oopDescPPcS3_+0x138 in /Applications/Eclipse.app/Contents/Eclipse/plugins/org.eclipse.justj.openjdk.hotspot.jre.full.macosx.aarch64_17.0.1.v20211116-1657/jre/lib/server/libjvm.dylib at 0x0000000101f3c000
stack at sp + 4 slots: 0x000000011962a768 points into unknown readable memory: 0x00000007872c40c8 | c8 40 2c 87 07 00 00 00
stack at sp + 5 slots: 0x00000000000003d8 is an unknown value
stack at sp + 6 slots: 0x0000000100fc8000: <offset 0x38000> in /Applications/Eclipse.app/Contents/Eclipse/plugins/org.eclipse.justj.openjdk.hotspot.jre.full.macosx.aarch64_17.0.1.v20211116-1657/jre/lib/libjdwp.dylib at 0x0000000100f90000
stack at sp + 7 slots: 0x0000000000003370 is an unknown value


---------------  P R O C E S S  ---------------

Threads class SMR info:
_java_thread_list=0x00006000034abcc0, length=15, elements={
0x0000000119808e00, 0x00000001198aa000, 0x000000012a009e00, 0x000000012a010000,
0x000000011e80a400, 0x00000001198b5a00, 0x00000001198ace00, 0x00000001198ad400,
0x000000011e80aa00, 0x00000001198afa00, 0x00000001198af400, 0x00000001198b0000,
0x0000000119918000, 0x000000012a015400, 0x000000012992e800
}

Java Threads: ( => current thread )
  0x0000000119808e00 JavaThread "main" [_thread_blocked, id=9475, stack(0x000000016f1b8000,0x000000016f3bb000)]
  0x00000001198aa000 JavaThread "Reference Handler" daemon [_thread_blocked, id=15875, stack(0x000000017000c000,0x000000017020f000)]
  0x000000012a009e00 JavaThread "Finalizer" daemon [_thread_blocked, id=14595, stack(0x0000000170218000,0x000000017041b000)]
  0x000000012a010000 JavaThread "Signal Dispatcher" daemon [_thread_blocked, id=23043, stack(0x000000017053c000,0x000000017073f000)]
  0x000000011e80a400 JavaThread "Service Thread" daemon [_thread_blocked, id=42499, stack(0x0000000170748000,0x000000017094b000)]
  0x00000001198b5a00 JavaThread "Monitor Deflation Thread" daemon [_thread_blocked, id=23555, stack(0x0000000170954000,0x0000000170b57000)]
  0x00000001198ace00 JavaThread "C2 CompilerThread0" daemon [_thread_blocked, id=41987, stack(0x0000000170b60000,0x0000000170d63000)]
  0x00000001198ad400 JavaThread "C1 CompilerThread0" daemon [_thread_blocked, id=41475, stack(0x0000000170d6c000,0x0000000170f6f000)]
  0x000000011e80aa00 JavaThread "Sweeper thread" daemon [_thread_blocked, id=24067, stack(0x0000000170f78000,0x000000017117b000)]
  0x00000001198afa00 JavaThread "Common-Cleaner" daemon [_thread_blocked, id=40963, stack(0x0000000171184000,0x0000000171387000)]
=>0x00000001198af400 JavaThread "JDWP Transport Listener: dt_socket" daemon [_thread_in_vm, id=40455, stack(0x0000000171390000,0x0000000171593000)]
  0x00000001198b0000 JavaThread "JDWP Event Helper Thread" daemon [_thread_blocked, id=40195, stack(0x000000017159c000,0x000000017179f000)]
  0x0000000119918000 JavaThread "JDWP Command Reader" daemon [_thread_in_native, id=25091, stack(0x00000001717a8000,0x00000001719ab000)]
  0x000000012a015400 JavaThread "Notification Thread" daemon [_thread_blocked, id=25347, stack(0x00000001719b4000,0x0000000171bb7000)]
  0x000000012992e800 JavaThread "ReaderThread" [_thread_in_native, id=26115, stack(0x0000000171dcc000,0x0000000171fcf000)]

Other Threads:
  0x00000001296086b0 VMThread "VM Thread" [stack: 0x000000016fe00000,0x0000000170003000] [id=16387]
  0x0000000129711790 WatcherThread [stack: 0x0000000171bc0000,0x0000000171dc3000] [id=25859]
  0x0000000119606630 GCTaskThread "GC Thread#0" [stack: 0x000000016f3c4000,0x000000016f5c7000] [id=19203]
  0x0000000119606ce0 ConcurrentGCThread "G1 Main Marker" [stack: 0x000000016f5d0000,0x000000016f7d3000] [id=11779]
  0x0000000119607560 ConcurrentGCThread "G1 Conc#0" [stack: 0x000000016f7dc000,0x000000016f9df000] [id=18691]
  0x00000001196093d0 ConcurrentGCThread "G1 Refine#0" [stack: 0x000000016f9e8000,0x000000016fbeb000] [id=12803]
  0x0000000119609c70 ConcurrentGCThread "G1 Service" [stack: 0x000000016fbf4000,0x000000016fdf7000] [id=17923]

Threads with active compile tasks:

VM state: not at safepoint (normal execution)

VM Mutex/Monitor currently owned by a thread: None

Heap address: 0x0000000780000000, size: 2048 MB, Compressed Oops mode: Zero based, Oop shift amount: 3

CDS archive(s) not mapped
Compressed class space mapped at: 0x0000000800000000-0x0000000840000000, reserved size: 1073741824
Narrow klass base: 0x0000000800000000, Narrow klass shift: 0, Narrow klass range: 0x40000000

GC Precious Log:
 CPUs: 8 total, 8 available
 Memory: 8192M
 Large Page Support: Disabled
 NUMA Support: Disabled
 Compressed Oops: Enabled (Zero based)
 Heap Region Size: 1M
 Heap Min Capacity: 8M
 Heap Initial Capacity: 128M
 Heap Max Capacity: 2G
 Pre-touch: Disabled
 Parallel Workers: 8
 Concurrent Workers: 2
 Concurrent Refinement Workers: 8
 Periodic GC: Disabled

Heap:
 garbage-first heap   total 131072K, used 14336K [0x0000000780000000, 0x0000000800000000)
  region size 1024K, 16 young (16384K), 0 survivors (0K)
 Metaspace       used 11567K, committed 11648K, reserved 1064960K
  class space    used 1070K, committed 1088K, reserved 1048576K

Heap Regions: E=young(eden), S=young(survivor), O=old, HS=humongous(starts), HC=humongous(continues), CS=collection set, F=free, OA=open archive, CA=closed archive, TAMS=top-at-mark-start (previous, next)
|   0|0x0000000780000000, 0x0000000780000000, 0x0000000780100000|  0%| F|  |TAMS 0x0000000780000000, 0x0000000780000000| Untracked 
|   1|0x0000000780100000, 0x0000000780100000, 0x0000000780200000|  0%| F|  |TAMS 0x0000000780100000, 0x0000000780100000| Untracked 
|   2|0x0000000780200000, 0x0000000780200000, 0x0000000780300000|  0%| F|  |TAMS 0x0000000780200000, 0x0000000780200000| Untracked 
|   3|0x0000000780300000, 0x0000000780300000, 0x0000000780400000|  0%| F|  |TAMS 0x0000000780300000, 0x0000000780300000| Untracked 
|   4|0x0000000780400000, 0x0000000780400000, 0x0000000780500000|  0%| F|  |TAMS 0x0000000780400000, 0x0000000780400000| Untracked 
|   5|0x0000000780500000, 0x0000000780500000, 0x0000000780600000|  0%| F|  |TAMS 0x0000000780500000, 0x0000000780500000| Untracked 
|   6|0x0000000780600000, 0x0000000780600000, 0x0000000780700000|  0%| F|  |TAMS 0x0000000780600000, 0x0000000780600000| Untracked 
|   7|0x0000000780700000, 0x0000000780700000, 0x0000000780800000|  0%| F|  |TAMS 0x0000000780700000, 0x0000000780700000| Untracked 
|   8|0x0000000780800000, 0x0000000780800000, 0x0000000780900000|  0%| F|  |TAMS 0x0000000780800000, 0x0000000780800000| Untracked 
|   9|0x0000000780900000, 0x0000000780900000, 0x0000000780a00000|  0%| F|  |TAMS 0x0000000780900000, 0x0000000780900000| Untracked 
|  10|0x0000000780a00000, 0x0000000780a00000, 0x0000000780b00000|  0%| F|  |TAMS 0x0000000780a00000, 0x0000000780a00000| Untracked 
|  11|0x0000000780b00000, 0x0000000780b00000, 0x0000000780c00000|  0%| F|  |TAMS 0x0000000780b00000, 0x0000000780b00000| Untracked 
|  12|0x0000000780c00000, 0x0000000780c00000, 0x0000000780d00000|  0%| F|  |TAMS 0x0000000780c00000, 0x0000000780c00000| Untracked 
|  13|0x0000000780d00000, 0x0000000780d00000, 0x0000000780e00000|  0%| F|  |TAMS 0x0000000780d00000, 0x0000000780d00000| Untracked 
|  14|0x0000000780e00000, 0x0000000780e00000, 0x0000000780f00000|  0%| F|  |TAMS 0x0000000780e00000, 0x0000000780e00000| Untracked 
|  15|0x0000000780f00000, 0x0000000780f00000, 0x0000000781000000|  0%| F|  |TAMS 0x0000000780f00000, 0x0000000780f00000| Untracked 
|  16|0x0000000781000000, 0x0000000781000000, 0x0000000781100000|  0%| F|  |TAMS 0x0000000781000000, 0x0000000781000000| Untracked 
|  17|0x0000000781100000, 0x0000000781100000, 0x0000000781200000|  0%| F|  |TAMS 0x0000000781100000, 0x0000000781100000| Untracked 
|  18|0x0000000781200000, 0x0000000781200000, 0x0000000781300000|  0%| F|  |TAMS 0x0000000781200000, 0x0000000781200000| Untracked 
|  19|0x0000000781300000, 0x0000000781300000, 0x0000000781400000|  0%| F|  |TAMS 0x0000000781300000, 0x0000000781300000| Untracked 
|  20|0x0000000781400000, 0x0000000781400000, 0x0000000781500000|  0%| F|  |TAMS 0x0000000781400000, 0x0000000781400000| Untracked 
|  21|0x0000000781500000, 0x0000000781500000, 0x0000000781600000|  0%| F|  |TAMS 0x0000000781500000, 0x0000000781500000| Untracked 
|  22|0x0000000781600000, 0x0000000781600000, 0x0000000781700000|  0%| F|  |TAMS 0x0000000781600000, 0x0000000781600000| Untracked 
|  23|0x0000000781700000, 0x0000000781700000, 0x0000000781800000|  0%| F|  |TAMS 0x0000000781700000, 0x0000000781700000| Untracked 
|  24|0x0000000781800000, 0x0000000781800000, 0x0000000781900000|  0%| F|  |TAMS 0x0000000781800000, 0x0000000781800000| Untracked 
|  25|0x0000000781900000, 0x0000000781900000, 0x0000000781a00000|  0%| F|  |TAMS 0x0000000781900000, 0x0000000781900000| Untracked 
|  26|0x0000000781a00000, 0x0000000781a00000, 0x0000000781b00000|  0%| F|  |TAMS 0x0000000781a00000, 0x0000000781a00000| Untracked 
|  27|0x0000000781b00000, 0x0000000781b00000, 0x0000000781c00000|  0%| F|  |TAMS 0x0000000781b00000, 0x0000000781b00000| Untracked 
|  28|0x0000000781c00000, 0x0000000781c00000, 0x0000000781d00000|  0%| F|  |TAMS 0x0000000781c00000, 0x0000000781c00000| Untracked 
|  29|0x0000000781d00000, 0x0000000781d00000, 0x0000000781e00000|  0%| F|  |TAMS 0x0000000781d00000, 0x0000000781d00000| Untracked 
|  30|0x0000000781e00000, 0x0000000781e00000, 0x0000000781f00000|  0%| F|  |TAMS 0x0000000781e00000, 0x0000000781e00000| Untracked 
|  31|0x0000000781f00000, 0x0000000781f00000, 0x0000000782000000|  0%| F|  |TAMS 0x0000000781f00000, 0x0000000781f00000| Untracked 
|  32|0x0000000782000000, 0x0000000782000000, 0x0000000782100000|  0%| F|  |TAMS 0x0000000782000000, 0x0000000782000000| Untracked 
|  33|0x0000000782100000, 0x0000000782100000, 0x0000000782200000|  0%| F|  |TAMS 0x0000000782100000, 0x0000000782100000| Untracked 
|  34|0x0000000782200000, 0x0000000782200000, 0x0000000782300000|  0%| F|  |TAMS 0x0000000782200000, 0x0000000782200000| Untracked 
|  35|0x0000000782300000, 0x0000000782300000, 0x0000000782400000|  0%| F|  |TAMS 0x0000000782300000, 0x0000000782300000| Untracked 
|  36|0x0000000782400000, 0x0000000782400000, 0x0000000782500000|  0%| F|  |TAMS 0x0000000782400000, 0x0000000782400000| Untracked 
|  37|0x0000000782500000, 0x0000000782500000, 0x0000000782600000|  0%| F|  |TAMS 0x0000000782500000, 0x0000000782500000| Untracked 
|  38|0x0000000782600000, 0x0000000782600000, 0x0000000782700000|  0%| F|  |TAMS 0x0000000782600000, 0x0000000782600000| Untracked 
|  39|0x0000000782700000, 0x0000000782700000, 0x0000000782800000|  0%| F|  |TAMS 0x0000000782700000, 0x0000000782700000| Untracked 
|  40|0x0000000782800000, 0x0000000782800000, 0x0000000782900000|  0%| F|  |TAMS 0x0000000782800000, 0x0000000782800000| Untracked 
|  41|0x0000000782900000, 0x0000000782900000, 0x0000000782a00000|  0%| F|  |TAMS 0x0000000782900000, 0x0000000782900000| Untracked 
|  42|0x0000000782a00000, 0x0000000782a00000, 0x0000000782b00000|  0%| F|  |TAMS 0x0000000782a00000, 0x0000000782a00000| Untracked 
|  43|0x0000000782b00000, 0x0000000782b00000, 0x0000000782c00000|  0%| F|  |TAMS 0x0000000782b00000, 0x0000000782b00000| Untracked 
|  44|0x0000000782c00000, 0x0000000782c00000, 0x0000000782d00000|  0%| F|  |TAMS 0x0000000782c00000, 0x0000000782c00000| Untracked 
|  45|0x0000000782d00000, 0x0000000782d00000, 0x0000000782e00000|  0%| F|  |TAMS 0x0000000782d00000, 0x0000000782d00000| Untracked 
|  46|0x0000000782e00000, 0x0000000782e00000, 0x0000000782f00000|  0%| F|  |TAMS 0x0000000782e00000, 0x0000000782e00000| Untracked 
|  47|0x0000000782f00000, 0x0000000782f00000, 0x0000000783000000|  0%| F|  |TAMS 0x0000000782f00000, 0x0000000782f00000| Untracked 
|  48|0x0000000783000000, 0x0000000783000000, 0x0000000783100000|  0%| F|  |TAMS 0x0000000783000000, 0x0000000783000000| Untracked 
|  49|0x0000000783100000, 0x0000000783100000, 0x0000000783200000|  0%| F|  |TAMS 0x0000000783100000, 0x0000000783100000| Untracked 
|  50|0x0000000783200000, 0x0000000783200000, 0x0000000783300000|  0%| F|  |TAMS 0x0000000783200000, 0x0000000783200000| Untracked 
|  51|0x0000000783300000, 0x0000000783300000, 0x0000000783400000|  0%| F|  |TAMS 0x0000000783300000, 0x0000000783300000| Untracked 
|  52|0x0000000783400000, 0x0000000783400000, 0x0000000783500000|  0%| F|  |TAMS 0x0000000783400000, 0x0000000783400000| Untracked 
|  53|0x0000000783500000, 0x0000000783500000, 0x0000000783600000|  0%| F|  |TAMS 0x0000000783500000, 0x0000000783500000| Untracked 
|  54|0x0000000783600000, 0x0000000783600000, 0x0000000783700000|  0%| F|  |TAMS 0x0000000783600000, 0x0000000783600000| Untracked 
|  55|0x0000000783700000, 0x0000000783700000, 0x0000000783800000|  0%| F|  |TAMS 0x0000000783700000, 0x0000000783700000| Untracked 
|  56|0x0000000783800000, 0x0000000783800000, 0x0000000783900000|  0%| F|  |TAMS 0x0000000783800000, 0x0000000783800000| Untracked 
|  57|0x0000000783900000, 0x0000000783900000, 0x0000000783a00000|  0%| F|  |TAMS 0x0000000783900000, 0x0000000783900000| Untracked 
|  58|0x0000000783a00000, 0x0000000783a00000, 0x0000000783b00000|  0%| F|  |TAMS 0x0000000783a00000, 0x0000000783a00000| Untracked 
|  59|0x0000000783b00000, 0x0000000783b00000, 0x0000000783c00000|  0%| F|  |TAMS 0x0000000783b00000, 0x0000000783b00000| Untracked 
|  60|0x0000000783c00000, 0x0000000783c00000, 0x0000000783d00000|  0%| F|  |TAMS 0x0000000783c00000, 0x0000000783c00000| Untracked 
|  61|0x0000000783d00000, 0x0000000783d00000, 0x0000000783e00000|  0%| F|  |TAMS 0x0000000783d00000, 0x0000000783d00000| Untracked 
|  62|0x0000000783e00000, 0x0000000783e00000, 0x0000000783f00000|  0%| F|  |TAMS 0x0000000783e00000, 0x0000000783e00000| Untracked 
|  63|0x0000000783f00000, 0x0000000783f00000, 0x0000000784000000|  0%| F|  |TAMS 0x0000000783f00000, 0x0000000783f00000| Untracked 
|  64|0x0000000784000000, 0x0000000784000000, 0x0000000784100000|  0%| F|  |TAMS 0x0000000784000000, 0x0000000784000000| Untracked 
|  65|0x0000000784100000, 0x0000000784100000, 0x0000000784200000|  0%| F|  |TAMS 0x0000000784100000, 0x0000000784100000| Untracked 
|  66|0x0000000784200000, 0x0000000784200000, 0x0000000784300000|  0%| F|  |TAMS 0x0000000784200000, 0x0000000784200000| Untracked 
|  67|0x0000000784300000, 0x0000000784300000, 0x0000000784400000|  0%| F|  |TAMS 0x0000000784300000, 0x0000000784300000| Untracked 
|  68|0x0000000784400000, 0x0000000784400000, 0x0000000784500000|  0%| F|  |TAMS 0x0000000784400000, 0x0000000784400000| Untracked 
|  69|0x0000000784500000, 0x0000000784500000, 0x0000000784600000|  0%| F|  |TAMS 0x0000000784500000, 0x0000000784500000| Untracked 
|  70|0x0000000784600000, 0x0000000784600000, 0x0000000784700000|  0%| F|  |TAMS 0x0000000784600000, 0x0000000784600000| Untracked 
|  71|0x0000000784700000, 0x0000000784700000, 0x0000000784800000|  0%| F|  |TAMS 0x0000000784700000, 0x0000000784700000| Untracked 
|  72|0x0000000784800000, 0x0000000784800000, 0x0000000784900000|  0%| F|  |TAMS 0x0000000784800000, 0x0000000784800000| Untracked 
|  73|0x0000000784900000, 0x0000000784900000, 0x0000000784a00000|  0%| F|  |TAMS 0x0000000784900000, 0x0000000784900000| Untracked 
|  74|0x0000000784a00000, 0x0000000784a00000, 0x0000000784b00000|  0%| F|  |TAMS 0x0000000784a00000, 0x0000000784a00000| Untracked 
|  75|0x0000000784b00000, 0x0000000784b00000, 0x0000000784c00000|  0%| F|  |TAMS 0x0000000784b00000, 0x0000000784b00000| Untracked 
|  76|0x0000000784c00000, 0x0000000784c00000, 0x0000000784d00000|  0%| F|  |TAMS 0x0000000784c00000, 0x0000000784c00000| Untracked 
|  77|0x0000000784d00000, 0x0000000784d00000, 0x0000000784e00000|  0%| F|  |TAMS 0x0000000784d00000, 0x0000000784d00000| Untracked 
|  78|0x0000000784e00000, 0x0000000784e00000, 0x0000000784f00000|  0%| F|  |TAMS 0x0000000784e00000, 0x0000000784e00000| Untracked 
|  79|0x0000000784f00000, 0x0000000784f00000, 0x0000000785000000|  0%| F|  |TAMS 0x0000000784f00000, 0x0000000784f00000| Untracked 
|  80|0x0000000785000000, 0x0000000785000000, 0x0000000785100000|  0%| F|  |TAMS 0x0000000785000000, 0x0000000785000000| Untracked 
|  81|0x0000000785100000, 0x0000000785100000, 0x0000000785200000|  0%| F|  |TAMS 0x0000000785100000, 0x0000000785100000| Untracked 
|  82|0x0000000785200000, 0x0000000785200000, 0x0000000785300000|  0%| F|  |TAMS 0x0000000785200000, 0x0000000785200000| Untracked 
|  83|0x0000000785300000, 0x0000000785300000, 0x0000000785400000|  0%| F|  |TAMS 0x0000000785300000, 0x0000000785300000| Untracked 
|  84|0x0000000785400000, 0x0000000785400000, 0x0000000785500000|  0%| F|  |TAMS 0x0000000785400000, 0x0000000785400000| Untracked 
|  85|0x0000000785500000, 0x0000000785500000, 0x0000000785600000|  0%| F|  |TAMS 0x0000000785500000, 0x0000000785500000| Untracked 
|  86|0x0000000785600000, 0x0000000785600000, 0x0000000785700000|  0%| F|  |TAMS 0x0000000785600000, 0x0000000785600000| Untracked 
|  87|0x0000000785700000, 0x0000000785700000, 0x0000000785800000|  0%| F|  |TAMS 0x0000000785700000, 0x0000000785700000| Untracked 
|  88|0x0000000785800000, 0x0000000785800000, 0x0000000785900000|  0%| F|  |TAMS 0x0000000785800000, 0x0000000785800000| Untracked 
|  89|0x0000000785900000, 0x0000000785900000, 0x0000000785a00000|  0%| F|  |TAMS 0x0000000785900000, 0x0000000785900000| Untracked 
|  90|0x0000000785a00000, 0x0000000785a00000, 0x0000000785b00000|  0%| F|  |TAMS 0x0000000785a00000, 0x0000000785a00000| Untracked 
|  91|0x0000000785b00000, 0x0000000785b00000, 0x0000000785c00000|  0%| F|  |TAMS 0x0000000785b00000, 0x0000000785b00000| Untracked 
|  92|0x0000000785c00000, 0x0000000785c00000, 0x0000000785d00000|  0%| F|  |TAMS 0x0000000785c00000, 0x0000000785c00000| Untracked 
|  93|0x0000000785d00000, 0x0000000785d00000, 0x0000000785e00000|  0%| F|  |TAMS 0x0000000785d00000, 0x0000000785d00000| Untracked 
|  94|0x0000000785e00000, 0x0000000785e00000, 0x0000000785f00000|  0%| F|  |TAMS 0x0000000785e00000, 0x0000000785e00000| Untracked 
|  95|0x0000000785f00000, 0x0000000785f00000, 0x0000000786000000|  0%| F|  |TAMS 0x0000000785f00000, 0x0000000785f00000| Untracked 
|  96|0x0000000786000000, 0x0000000786000000, 0x0000000786100000|  0%| F|  |TAMS 0x0000000786000000, 0x0000000786000000| Untracked 
|  97|0x0000000786100000, 0x0000000786100000, 0x0000000786200000|  0%| F|  |TAMS 0x0000000786100000, 0x0000000786100000| Untracked 
|  98|0x0000000786200000, 0x0000000786200000, 0x0000000786300000|  0%| F|  |TAMS 0x0000000786200000, 0x0000000786200000| Untracked 
|  99|0x0000000786300000, 0x0000000786300000, 0x0000000786400000|  0%| F|  |TAMS 0x0000000786300000, 0x0000000786300000| Untracked 
| 100|0x0000000786400000, 0x0000000786400000, 0x0000000786500000|  0%| F|  |TAMS 0x0000000786400000, 0x0000000786400000| Untracked 
| 101|0x0000000786500000, 0x0000000786500000, 0x0000000786600000|  0%| F|  |TAMS 0x0000000786500000, 0x0000000786500000| Untracked 
| 102|0x0000000786600000, 0x0000000786600000, 0x0000000786700000|  0%| F|  |TAMS 0x0000000786600000, 0x0000000786600000| Untracked 
| 103|0x0000000786700000, 0x0000000786700000, 0x0000000786800000|  0%| F|  |TAMS 0x0000000786700000, 0x0000000786700000| Untracked 
| 104|0x0000000786800000, 0x0000000786800000, 0x0000000786900000|  0%| F|  |TAMS 0x0000000786800000, 0x0000000786800000| Untracked 
| 105|0x0000000786900000, 0x0000000786900000, 0x0000000786a00000|  0%| F|  |TAMS 0x0000000786900000, 0x0000000786900000| Untracked 
| 106|0x0000000786a00000, 0x0000000786a00000, 0x0000000786b00000|  0%| F|  |TAMS 0x0000000786a00000, 0x0000000786a00000| Untracked 
| 107|0x0000000786b00000, 0x0000000786b00000, 0x0000000786c00000|  0%| F|  |TAMS 0x0000000786b00000, 0x0000000786b00000| Untracked 
| 108|0x0000000786c00000, 0x0000000786c00000, 0x0000000786d00000|  0%| F|  |TAMS 0x0000000786c00000, 0x0000000786c00000| Untracked 
| 109|0x0000000786d00000, 0x0000000786d00000, 0x0000000786e00000|  0%| F|  |TAMS 0x0000000786d00000, 0x0000000786d00000| Untracked 
| 110|0x0000000786e00000, 0x0000000786e00000, 0x0000000786f00000|  0%| F|  |TAMS 0x0000000786e00000, 0x0000000786e00000| Untracked 
| 111|0x0000000786f00000, 0x0000000786f00000, 0x0000000787000000|  0%| F|  |TAMS 0x0000000786f00000, 0x0000000786f00000| Untracked 
| 112|0x0000000787000000, 0x00000007870edf08, 0x0000000787100000| 92%| E|  |TAMS 0x0000000787000000, 0x0000000787000000| Complete 
| 113|0x0000000787100000, 0x0000000787200000, 0x0000000787200000|100%| E|CS|TAMS 0x0000000787100000, 0x0000000787100000| Complete 
| 114|0x0000000787200000, 0x0000000787300000, 0x0000000787300000|100%| E|CS|TAMS 0x0000000787200000, 0x0000000787200000| Complete 
| 115|0x0000000787300000, 0x0000000787400000, 0x0000000787400000|100%| E|CS|TAMS 0x0000000787300000, 0x0000000787300000| Complete 
| 116|0x0000000787400000, 0x0000000787500000, 0x0000000787500000|100%| E|CS|TAMS 0x0000000787400000, 0x0000000787400000| Complete 
| 117|0x0000000787500000, 0x0000000787600000, 0x0000000787600000|100%| E|CS|TAMS 0x0000000787500000, 0x0000000787500000| Complete 
| 118|0x0000000787600000, 0x0000000787700000, 0x0000000787700000|100%| E|CS|TAMS 0x0000000787600000, 0x0000000787600000| Complete 
| 119|0x0000000787700000, 0x0000000787800000, 0x0000000787800000|100%| E|CS|TAMS 0x0000000787700000, 0x0000000787700000| Complete 
| 120|0x0000000787800000, 0x0000000787900000, 0x0000000787900000|100%| E|CS|TAMS 0x0000000787800000, 0x0000000787800000| Complete 
| 121|0x0000000787900000, 0x0000000787a00000, 0x0000000787a00000|100%| E|CS|TAMS 0x0000000787900000, 0x0000000787900000| Complete 
| 122|0x0000000787a00000, 0x0000000787b00000, 0x0000000787b00000|100%| E|  |TAMS 0x0000000787a00000, 0x0000000787a00000| Complete 
| 123|0x0000000787b00000, 0x0000000787c00000, 0x0000000787c00000|100%| E|CS|TAMS 0x0000000787b00000, 0x0000000787b00000| Complete 
| 124|0x0000000787c00000, 0x0000000787d00000, 0x0000000787d00000|100%| E|CS|TAMS 0x0000000787c00000, 0x0000000787c00000| Complete 
| 125|0x0000000787d00000, 0x0000000787e00000, 0x0000000787e00000|100%| E|CS|TAMS 0x0000000787d00000, 0x0000000787d00000| Complete 
| 126|0x0000000787e00000, 0x0000000787f00000, 0x0000000787f00000|100%| E|CS|TAMS 0x0000000787e00000, 0x0000000787e00000| Complete 
| 127|0x0000000787f00000, 0x0000000788000000, 0x0000000788000000|100%| E|CS|TAMS 0x0000000787f00000, 0x0000000787f00000| Complete 

Card table byte_map: [0x0000000101624000,0x0000000101a24000] _byte_map_base: 0x00000000fda24000

Marking Bits (Prev, Next): (CMBitMap*) 0x000000011982e010, (CMBitMap*) 0x000000011982e050
 Prev Bits: [0x000000011559c000, 0x000000011759c000)
 Next Bits: [0x000000011759c000, 0x000000011959c000)

Polling page: 0x0000000100e58000

Metaspace:

Usage:
  Non-class:     10.25 MB used.
      Class:      1.05 MB used.
       Both:     11.30 MB used.

Virtual space:
  Non-class space:       16.00 MB reserved,      10.31 MB ( 64%) committed,  2 nodes.
      Class space:        1.00 GB reserved,       1.06 MB ( <1%) committed,  1 nodes.
             Both:        1.02 GB reserved,      11.38 MB (  1%) committed. 

Chunk freelists:
   Non-Class:  864.00 KB
       Class:  2.88 MB
        Both:  3.72 MB

MaxMetaspaceSize: unlimited
CompressedClassSpaceSize: 1.00 GB
Initial GC threshold: 21.00 MB
Current GC threshold: 21.00 MB
CDS: off
MetaspaceReclaimPolicy: balanced
 - commit_granule_bytes: 65536.
 - commit_granule_words: 8192.
 - virtual_space_node_default_size: 1048576.
 - enlarge_chunks_in_place: 1.
 - new_chunks_are_fully_committed: 0.
 - uncommit_free_chunks: 1.
 - use_allocation_guard: 0.
 - handle_deallocations: 1.


Internal statistics:

num_allocs_failed_limit: 0.
num_arena_births: 18.
num_arena_deaths: 0.
num_vsnodes_births: 3.
num_vsnodes_deaths: 0.
num_space_committed: 182.
num_space_uncommitted: 0.
num_chunks_returned_to_freelist: 0.
num_chunks_taken_from_freelist: 97.
num_chunk_merges: 0.
num_chunk_splits: 48.
num_chunks_enlarged: 36.
num_purges: 0.
num_inconsistent_stats: 0.

CodeHeap 'non-profiled nmethods': size=120032Kb used=267Kb max_used=267Kb free=119764Kb
 bounds [0x000000010e064000, 0x000000010e2d4000, 0x000000011559c000]
CodeHeap 'profiled nmethods': size=120016Kb used=1592Kb max_used=1592Kb free=118423Kb
 bounds [0x0000000106b30000, 0x0000000106da0000, 0x000000010e064000]
CodeHeap 'non-nmethods': size=5712Kb used=1140Kb max_used=1177Kb free=4571Kb
 bounds [0x000000010659c000, 0x000000010680c000, 0x0000000106b30000]
 total_blobs=1191 nmethods=772 adapters=336
 compilation: enabled
              stopped_count=0, restarted_count=0
 full_count=0

Compilation events (20 events):
Event: 849.263 Thread 0x00000001198ad400  768       3       org.eclipse.jdt.launching.internal.org.objectweb.asm.ClassReader::readField (671 bytes)
Event: 849.266 Thread 0x00000001198ad400 

Event: 849.266 Thread 0x00000001198ad400  769       3       org.eclipse.jdt.launching.internal.org.objectweb.asm.ClassVisitor::visitField (24 bytes)
Event: 849.266 Thread 0x00000001198ad400 nmethod 769 0x0000000106cb2910 code [0x0000000106cb2ac0, 0x0000000106cb2d98]
Event: 849.266 Thread 0x00000001198ad400  770       3       org.eclipse.jdt.launching.internal.org.objectweb.asm.FieldWriter::visitEnd (1 bytes)
Event: 849.266 Thread 0x00000001198ad400 nmethod 770 0x0000000106cb2e90 code [0x0000000106cb3040, 0x0000000106cb3168]
Event: 1188.068 Thread 0x00000001198ad400  771       3       sun.instrument.InstrumentationImpl::transform (73 bytes)
Event: 1188.071 Thread 0x00000001198ad400 nmethod 771 0x0000000106cb3210 code [0x0000000106cb3400, 0x0000000106cb3858]
Event: 1188.071 Thread 0x00000001198ad400  772   !   3       sun.instrument.TransformerManager::transform (100 bytes)
Event: 1188.078 Thread 0x00000001198ad400 

Event: 1188.078 Thread 0x00000001198ad400  773       3       java.lang.instrument.ClassFileTransformer::transform (15 bytes)
Event: 1188.079 Thread 0x00000001198ad400 nmethod 773 0x0000000106cb3a10 code [0x0000000106cb3bc0, 0x0000000106cb3dd8]
Event: 1188.079 Thread 0x00000001198ad400  774   !   3       org.eclipse.jdt.launching.internal.javaagent.Premain$1::transform (103 bytes)
Event: 1188.079 Thread 0x00000001198ad400 nmethod 774 0x0000000106cb3f10 code [0x0000000106cb4200, 0x0000000106cb4f88]
Event: 2836.297 Thread 0x00000001198ad400  775       3       org.eclipse.jdt.launching.internal.org.objectweb.asm.ClassReader::accept (1412 bytes)
Event: 2836.316 Thread 0x00000001198ad400 

Event: 3053.091 Thread 0x00000001198ad400  776       3       org.eclipse.jdt.launching.internal.org.objectweb.asm.ClassWriter::toByteArray (1535 bytes)
Event: 3053.096 Thread 0x00000001198ad400 nmethod 776 0x0000000106cb5490 code [0x0000000106cb6200, 0x0000000106cbb088]
Event: 4026.810 Thread 0x00000001198ad400  777       3       org.eclipse.jdt.launching.internal.org.objectweb.asm.AnnotationWriter::computeAnnotationsSize (66 bytes)
Event: 4026.810 Thread 0x00000001198ad400 nmethod 777 0x0000000106cbd810 code [0x0000000106cbda40, 0x0000000106cbde28]

GC Heap History (0 events):
No events

Deoptimization events (20 events):
Event: 0.187 Thread 0x0000000119808e00 DEOPT PACKING pc=0x0000000106bb7d6c sp=0x000000016f3b76d0
Event: 0.187 Thread 0x0000000119808e00 DEOPT UNPACKING pc=0x00000001065dab7c sp=0x000000016f3b7320 mode 0
Event: 0.189 Thread 0x0000000119808e00 DEOPT PACKING pc=0x0000000106bb7d6c sp=0x000000016f3b77d0
Event: 0.189 Thread 0x0000000119808e00 DEOPT UNPACKING pc=0x00000001065dab7c sp=0x000000016f3b7420 mode 0
Event: 0.191 Thread 0x0000000119808e00 DEOPT PACKING pc=0x0000000106b71108 sp=0x000000016f3b5ff0
Event: 0.191 Thread 0x0000000119808e00 DEOPT UNPACKING pc=0x00000001065dab7c sp=0x000000016f3b5c20 mode 0
Event: 0.194 Thread 0x0000000119808e00 DEOPT PACKING pc=0x0000000106b40964 sp=0x000000016f3b99d0
Event: 0.194 Thread 0x0000000119808e00 DEOPT UNPACKING pc=0x00000001065dab7c sp=0x000000016f3b9660 mode 0
Event: 0.204 Thread 0x0000000119808e00 DEOPT PACKING pc=0x0000000106bc755c sp=0x000000016f3b9d50
Event: 0.204 Thread 0x0000000119808e00 DEOPT UNPACKING pc=0x00000001065dab7c sp=0x000000016f3b99b0 mode 0
Event: 0.213 Thread 0x0000000119808e00 Uncommon trap: trap_request=0xffffff45 fr.pc=0x000000010e08577c relative=0x00000000000000bc
Event: 0.213 Thread 0x0000000119808e00 Uncommon trap: reason=unstable_if action=reinterpret pc=0x000000010e08577c method=java.lang.invoke.VarHandle.checkExactAccessMode(Ljava/lang/invoke/VarHandle$AccessDescriptor;)V @ 4 c2
Event: 0.213 Thread 0x0000000119808e00 DEOPT PACKING pc=0x000000010e08577c sp=0x000000016f3ba840
Event: 0.213 Thread 0x0000000119808e00 DEOPT UNPACKING pc=0x00000001065dad1c sp=0x000000016f3ba800 mode 2
Event: 0.235 Thread 0x0000000119808e00 DEOPT PACKING pc=0x0000000106b9b7bc sp=0x000000016f3b6000
Event: 0.236 Thread 0x0000000119808e00 DEOPT UNPACKING pc=0x00000001065dab7c sp=0x000000016f3b5cd0 mode 0
Event: 0.236 Thread 0x0000000119808e00 DEOPT PACKING pc=0x0000000106b6b6e4 sp=0x000000016f3b5fa0
Event: 0.236 Thread 0x0000000119808e00 DEOPT UNPACKING pc=0x00000001065dab7c sp=0x000000016f3b5c50 mode 0
Event: 0.246 Thread 0x0000000119808e00 DEOPT PACKING pc=0x0000000106bc755c sp=0x000000016f3b72d0
Event: 0.246 Thread 0x0000000119808e00 DEOPT UNPACKING pc=0x00000001065dab7c sp=0x000000016f3b6f60 mode 0

Classes unloaded (0 events):
No events

Classes redefined (20 events):
Event: 808.736 Thread 0x00000001296086b0 redefined class name=mediaRentalManager.Customer, count=1
Event: 849.264 Thread 0x00000001296086b0 redefined class name=mediaRentalManager.Customer, count=2
Event: 980.803 Thread 0x00000001296086b0 redefined class name=mediaRentalManager.Customer, count=3
Event: 1188.075 Thread 0x00000001296086b0 redefined class name=mediaRentalManager.Customer, count=4
Event: 1563.258 Thread 0x00000001296086b0 redefined class name=mediaRentalManager.Movie, count=1
Event: 1563.258 Thread 0x00000001296086b0 redefined class name=mediaRentalManager.Customer, count=5
Event: 2521.236 Thread 0x00000001296086b0 redefined class name=mediaRentalManager.Customer, count=6
Event: 2593.120 Thread 0x00000001296086b0 redefined class name=mediaRentalManager.MediaRentalManager, count=2
Event: 2836.303 Thread 0x00000001296086b0 redefined class name=mediaRentalManager.MediaRentalManager, count=3
Event: 2874.031 Thread 0x00000001296086b0 redefined class name=mediaRentalManager.Movie, count=2
Event: 2882.318 Thread 0x00000001296086b0 redefined class name=mediaRentalManager.Album, count=1
Event: 2918.657 Thread 0x00000001296086b0 redefined class name=mediaRentalManager.Movie, count=3
Event: 2923.554 Thread 0x00000001296086b0 redefined class name=mediaRentalManager.Album, count=2
Event: 2944.689 Thread 0x00000001296086b0 redefined class name=mediaRentalManager.Album, count=3
Event: 2950.950 Thread 0x00000001296086b0 redefined class name=mediaRentalManager.Movie, count=4
Event: 3063.980 Thread 0x00000001296086b0 redefined class name=mediaRentalManager.Media, count=1
Event: 3066.761 Thread 0x00000001296086b0 redefined class name=mediaRentalManager.Movie, count=6
Event: 3172.040 Thread 0x00000001296086b0 redefined class name=mediaRentalManager.MediaRentalManager, count=4
Event: 4026.814 Thread 0x00000001296086b0 redefined class name=mediaRentalManager.MediaRentalManager, count=5
Event: 4202.983 Thread 0x00000001296086b0 redefined class name=mediaRentalManager.Customer, count=7

Internal exceptions (6 events):
Event: 0.207 Thread 0x0000000119808e00 Exception <a 'java/lang/NoSuchMethodError'{0x00000007879ca780}: 'java.lang.Object java.lang.invoke.DirectMethodHandle$Holder.invokeStaticInit(java.lang.Object)'> (0x00000007879ca780) 
thrown [../../src/hotspot/share/interpreter/linkResolver.cpp, line 766]
Event: 0.211 Thread 0x0000000119808e00 Exception <a 'java/lang/NoSuchMethodError'{0x00000007879f3da8}: 'void java.lang.invoke.DirectMethodHandle$Holder.invokeStatic(java.lang.Object, java.lang.Object)'> (0x00000007879f3da8) 
thrown [../../src/hotspot/share/interpreter/linkResolver.cpp, line 766]
Event: 0.248 Thread 0x0000000119808e00 Exception <a 'java/lang/NoSuchMethodError'{0x0000000787426850}: 'java.lang.Object java.lang.invoke.DirectMethodHandle$Holder.invokeInterface(java.lang.Object, java.lang.Object)'> (0x0000000787426850) 
thrown [../../src/hotspot/share/interpreter/linkResolver.cpp, line 766]
Event: 0.248 Thread 0x0000000119808e00 Exception <a 'java/lang/IncompatibleClassChangeError'{0x000000078742a048}: Found class java.lang.Object, but interface was expected> (0x000000078742a048) 
thrown [../../src/hotspot/share/interpreter/linkResolver.cpp, line 833]
Event: 0.255 Thread 0x0000000119808e00 Exception <a 'java/lang/NoSuchMethodError'{0x00000007874d4bb8}: 'java.lang.Object java.lang.invoke.DirectMethodHandle$Holder.newInvokeSpecial(java.lang.Object, java.lang.Object, java.lang.Object, java.lang.Object, java.lang.Object)'> (0x00000007874d4bb8) 
thrown [../../src/hotspot/share/interpreter/linkResolver.cpp, line 766]
Event: 42.093 Thread 0x0000000119808e00 Exception <a 'java/lang/reflect/InvocationTargetException'{0x0000000787121c48}> (0x0000000787121c48) 
thrown [../../src/hotspot/share/runtime/reflection.cpp, line 1121]

VM Operations (20 events):
Event: 4203.009 Executing VM operation: get/set locals
Event: 4203.009 Executing VM operation: get/set locals done
Event: 4203.009 Executing VM operation: get/set locals
Event: 4203.009 Executing VM operation: get/set locals done
Event: 4203.009 Executing VM operation: get/set locals
Event: 4203.009 Executing VM operation: get/set locals done
Event: 4203.010 Executing VM operation: get/set locals
Event: 4203.010 Executing VM operation: get/set locals done
Event: 4203.010 Executing VM operation: get/set locals
Event: 4203.010 Executing VM operation: get/set locals done
Event: 4203.010 Executing VM operation: get/set locals
Event: 4203.010 Executing VM operation: get/set locals done
Event: 4203.011 Executing VM operation: get/set locals
Event: 4203.011 Executing VM operation: get/set locals done
Event: 4203.011 Executing VM operation: get/set locals
Event: 4203.011 Executing VM operation: get/set locals done
Event: 4203.011 Executing VM operation: get/set locals
Event: 4203.011 Executing VM operation: get/set locals done
Event: 4203.011 Executing VM operation: get/set locals
Event: 4203.011 Executing VM operation: get/set locals done

Events (20 events):
Event: 0.274 loading class sun/reflect/generics/tree/Signature done
Event: 0.274 loading class sun/reflect/generics/tree/MethodTypeSignature done
Event: 0.276 loading class java/io/FileReader
Event: 0.276 loading class java/io/FileReader done
Event: 0.276 loading class java/io/FileNotFoundException
Event: 0.276 loading class java/io/FileNotFoundException done
Event: 0.276 loading class java/io/FileWriter
Event: 0.276 loading class java/io/FileWriter done
Event: 0.277 loading class java/io/FileOutputStream$1
Event: 0.277 loading class java/io/FileOutputStream$1 done
Event: 42.092 loading class java/util/ConcurrentModificationException
Event: 42.092 loading class java/util/ConcurrentModificationException done
Event: 56.306 loading class java/io/StringReader
Event: 56.306 loading class java/io/StringReader done
Event: 56.306 loading class java/lang/Throwable$WrappedPrintWriter
Event: 56.306 loading class java/lang/Throwable$PrintStreamOrWriter
Event: 56.306 loading class java/lang/Throwable$PrintStreamOrWriter done
Event: 56.306 loading class java/lang/Throwable$WrappedPrintWriter done
Event: 56.307 loading class java/lang/StackTraceElement$HashedModules
Event: 56.307 loading class java/lang/StackTraceElement$HashedModules done


Dynamic libraries:
0x0000000100e08000 	/Applications/Eclipse.app/Contents/Eclipse/plugins/org.eclipse.justj.openjdk.hotspot.jre.full.macosx.aarch64_17.0.1.v20211116-1657/jre/lib/libjli.dylib
0x00000001ac786000 	/usr/lib/libz.1.dylib
0x00000001ac83d000 	/usr/lib/libSystem.B.dylib
0x00000001ac837000 	/usr/lib/system/libcache.dylib
0x00000001ac7f5000 	/usr/lib/system/libcommonCrypto.dylib
0x00000001ac81e000 	/usr/lib/system/libcompiler_rt.dylib
0x00000001ac815000 	/usr/lib/system/libcopyfile.dylib
0x00000001a1a5b000 	/usr/lib/system/libcorecrypto.dylib
0x00000001a1b10000 	/usr/lib/system/libdispatch.dylib
0x00000001a1cde000 	/usr/lib/system/libdyld.dylib
0x00000001ac82d000 	/usr/lib/system/libkeymgr.dylib
0x00000001ac7d0000 	/usr/lib/system/libmacho.dylib
0x00000001abec0000 	/usr/lib/system/libquarantine.dylib
0x00000001ac82a000 	/usr/lib/system/libremovefile.dylib
0x00000001a6e56000 	/usr/lib/system/libsystem_asl.dylib
0x00000001a19fd000 	/usr/lib/system/libsystem_blocks.dylib
0x00000001a1b98000 	/usr/lib/system/libsystem_c.dylib
0x00000001ac822000 	/usr/lib/system/libsystem_collections.dylib
0x00000001ab355000 	/usr/lib/system/libsystem_configuration.dylib
0x00000001aa5ae000 	/usr/lib/system/libsystem_containermanager.dylib
0x00000001ac52d000 	/usr/lib/system/libsystem_coreservices.dylib
0x00000001a440f000 	/usr/lib/system/libsystem_darwin.dylib
0x00000001ac82e000 	/usr/lib/system/libsystem_dnssd.dylib
0x00000001a1b95000 	/usr/lib/system/libsystem_featureflags.dylib
0x00000001a1cf3000 	/usr/lib/system/libsystem_info.dylib
0x00000001ac798000 	/usr/lib/system/libsystem_m.dylib
0x00000001a1ae5000 	/usr/lib/system/libsystem_malloc.dylib
0x00000001a6de4000 	/usr/lib/system/libsystem_networkextension.dylib
0x00000001a4868000 	/usr/lib/system/libsystem_notify.dylib
0x00000001b2b91000 	/usr/lib/system/libsystem_product_info_filter.dylib
0x00000001ab35a000 	/usr/lib/system/libsystem_sandbox.dylib
0x00000001ac827000 	/usr/lib/system/libsystem_secinit.dylib
0x00000001a1c99000 	/usr/lib/system/libsystem_kernel.dylib
0x00000001a1ceb000 	/usr/lib/system/libsystem_platform.dylib
0x00000001a1cd1000 	/usr/lib/system/libsystem_pthread.dylib
0x00000001a85ba000 	/usr/lib/system/libsystem_symptoms.dylib
0x00000001a1a41000 	/usr/lib/system/libsystem_trace.dylib
0x00000001ac802000 	/usr/lib/system/libunwind.dylib
0x00000001a19ff000 	/usr/lib/system/libxpc.dylib
0x00000001a1c81000 	/usr/lib/libc++abi.dylib
0x00000001a1b57000 	/usr/lib/libobjc.A.dylib
0x00000001ac80d000 	/usr/lib/liboah.dylib
0x00000001a1c1a000 	/usr/lib/libc++.1.dylib
0x00000001b86c0000 	/System/Library/Frameworks/Cocoa.framework/Versions/A/Cocoa
0x00000001a48c9000 	/System/Library/Frameworks/AppKit.framework/Versions/C/AppKit
0x00000001a7de0000 	/System/Library/Frameworks/CoreData.framework/Versions/A/CoreData
0x00000001a2c24000 	/System/Library/Frameworks/Foundation.framework/Versions/C/Foundation
0x00000001a5782000 	/System/Library/PrivateFrameworks/UIFoundation.framework/Versions/A/UIFoundation
0x00000001b288b000 	/System/Library/PrivateFrameworks/RemoteViewServices.framework/Versions/A/RemoteViewServices
0x00000001aacfc000 	/System/Library/PrivateFrameworks/XCTTargetBootstrap.framework/Versions/A/XCTTargetBootstrap
0x00000001ae57f000 	/System/Library/PrivateFrameworks/InternationalSupport.framework/Versions/A/InternationalSupport
0x00000001ae608000 	/System/Library/PrivateFrameworks/UserActivity.framework/Versions/A/UserActivity
0x00000001ada74000 	/usr/lib/libspindump.dylib
0x00000001a59f3000 	/System/Library/Frameworks/UniformTypeIdentifiers.framework/Versions/A/UniformTypeIdentifiers
0x00000001a9244000 	/usr/lib/libapp_launch_measurement.dylib
0x00000001a876c000 	/System/Library/PrivateFrameworks/CoreAnalytics.framework/Versions/A/CoreAnalytics
0x00000001a9247000 	/System/Library/PrivateFrameworks/CoreAutoLayout.framework/Versions/A/CoreAutoLayout
0x00000001aa5eb000 	/System/Library/Frameworks/Metal.framework/Versions/A/Metal
0x00000001ab365000 	/usr/lib/liblangid.dylib
0x00000001aad01000 	/System/Library/PrivateFrameworks/CoreSVG.framework/Versions/A/CoreSVG
0x00000001a6e8a000 	/System/Library/PrivateFrameworks/SkyLight.framework/Versions/A/SkyLight
0x00000001a7266000 	/System/Library/Frameworks/CoreGraphics.framework/Versions/A/CoreGraphics
0x00000001b2f57000 	/System/Library/Frameworks/Accelerate.framework/Versions/A/Accelerate
0x00000001ad4eb000 	/System/Library/PrivateFrameworks/IconServices.framework/Versions/A/IconServices
0x00000001aa5cd000 	/System/Library/Frameworks/IOSurface.framework/Versions/A/IOSurface
0x00000001a879d000 	/usr/lib/libDiagnosticMessagesClient.dylib
0x00000001b645d000 	/System/Library/Frameworks/ApplicationServices.framework/Versions/A/ApplicationServices
0x00000001aace4000 	/System/Library/PrivateFrameworks/DFRFoundation.framework/Versions/A/DFRFoundation
0x00000001a4159000 	/usr/lib/libicucore.A.dylib
0x00000001af42d000 	/System/Library/Frameworks/AudioToolbox.framework/Versions/A/AudioToolbox
0x00000001ae58b000 	/System/Library/PrivateFrameworks/DataDetectorsCore.framework/Versions/A/DataDetectorsCore
0x00000001c4fa9000 	/System/Library/PrivateFrameworks/TextInput.framework/Versions/A/TextInput
0x00000001a6dff000 	/usr/lib/libMobileGestalt.dylib
0x00000001aa9b0000 	/System/Library/Frameworks/Carbon.framework/Versions/A/Frameworks/HIToolbox.framework/Versions/A/HIToolbox
0x00000001a8c1d000 	/System/Library/Frameworks/QuartzCore.framework/Versions/A/QuartzCore
0x00000001a3dda000 	/System/Library/Frameworks/Security.framework/Versions/A/Security
0x00000001b28cb000 	/System/Library/Frameworks/Carbon.framework/Versions/A/Frameworks/SpeechRecognition.framework/Versions/A/SpeechRecognition
0x00000001a8f99000 	/System/Library/PrivateFrameworks/CoreUI.framework/Versions/A/CoreUI
0x00000001a36b6000 	/System/Library/Frameworks/CoreAudio.framework/Versions/A/CoreAudio
0x00000001a8891000 	/System/Library/Frameworks/DiskArbitration.framework/Versions/A/DiskArbitration
0x00000001ade7e000 	/System/Library/PrivateFrameworks/MultitouchSupport.framework/Versions/A/MultitouchSupport
0x00000001a6dfd000 	/usr/lib/libenergytrace.dylib
0x00000001a4791000 	/System/Library/Frameworks/IOKit.framework/Versions/A/IOKit
0x00000001b2cba000 	/System/Library/Frameworks/CoreServices.framework/Versions/A/CoreServices
0x00000001a91d4000 	/System/Library/PrivateFrameworks/PerformanceAnalysis.framework/Versions/A/PerformanceAnalysis
0x0000000203453000 	/System/Library/Frameworks/OpenGL.framework/Versions/A/OpenGL
0x00000001abdd8000 	/System/Library/PrivateFrameworks/MobileKeyBag.framework/Versions/A/MobileKeyBag
0x00000001a7874000 	/System/Library/Frameworks/ColorSync.framework/Versions/A/ColorSync
0x00000001a1d20000 	/System/Library/Frameworks/CoreFoundation.framework/Versions/A/CoreFoundation
0x00000001aaf81000 	/System/Library/Frameworks/CoreImage.framework/Versions/A/CoreImage
0x00000001a34da000 	/System/Library/Frameworks/CoreText.framework/Versions/A/CoreText
0x00000001aad31000 	/System/Library/Frameworks/ImageIO.framework/Versions/A/ImageIO
0x00000001ac843000 	/System/Library/PrivateFrameworks/SoftLinking.framework/Versions/A/SoftLinking
0x00000001a9292000 	/usr/lib/libxml2.2.dylib
0x00000001acadc000 	/usr/lib/libcompression.dylib
0x00000001ae4db000 	/System/Library/PrivateFrameworks/TextureIO.framework/Versions/A/TextureIO
0x00000001ad204000 	/usr/lib/libate.dylib
0x00000001ad0c9000 	/usr/lib/liblzma.5.dylib
0x00000001a2917000 	/System/Library/Frameworks/SystemConfiguration.framework/Versions/A/SystemConfiguration
0x00000001ac83f000 	/usr/lib/libfakelink.dylib
0x00000001a692f000 	/System/Library/Frameworks/CFNetwork.framework/Versions/A/CFNetwork
0x00000001ac985000 	/usr/lib/libarchive.2.dylib
0x00000001ab361000 	/System/Library/PrivateFrameworks/AppleSystemInfo.framework/Versions/A/AppleSystemInfo
0x00000001abeeb000 	/usr/lib/libbsm.0.dylib
0x00000001a5e9c000 	/usr/lib/libnetwork.dylib
0x00000001ac7d9000 	/usr/lib/system/libkxld.dylib
0x00000001abb05000 	/System/Library/PrivateFrameworks/IOMobileFramebuffer.framework/Versions/A/IOMobileFramebuffer
0x0000000221842000 	/usr/lib/libCoreEntitlements.dylib
0x00000001ac50f000 	/System/Library/PrivateFrameworks/AppleFSCompression.framework/Versions/A/AppleFSCompression
0x00000001abed3000 	/usr/lib/libcoretls.dylib
0x00000001ad0e2000 	/usr/lib/libcoretls_cfhelpers.dylib
0x00000001acad7000 	/usr/lib/libpam.2.dylib
0x00000001a81d0000 	/usr/lib/libsqlite3.dylib
0x00000001ad14b000 	/usr/lib/libxar.1.dylib
0x00000001ac520000 	/usr/lib/libbz2.1.0.dylib
0x00000001ac844000 	/usr/lib/libpcap.A.dylib
0x00000001a85b1000 	/usr/lib/libdns_services.dylib
0x00000001acaaa000 	/usr/lib/libapple_nghttp2.dylib
0x00000001ac881000 	/usr/lib/libiconv.2.dylib
0x00000001ac7cf000 	/usr/lib/libcharset.1.dylib
0x00000001a9210000 	/System/Library/Frameworks/CoreServices.framework/Versions/A/Frameworks/FSEvents.framework/Versions/A/FSEvents
0x00000001a441a000 	/System/Library/Frameworks/CoreServices.framework/Versions/A/Frameworks/CarbonCore.framework/Versions/A/CarbonCore
0x00000001a87f1000 	/System/Library/Frameworks/CoreServices.framework/Versions/A/Frameworks/Metadata.framework/Versions/A/Metadata
0x00000001ac533000 	/System/Library/Frameworks/CoreServices.framework/Versions/A/Frameworks/OSServices.framework/Versions/A/OSServices
0x00000001aca0b000 	/System/Library/Frameworks/CoreServices.framework/Versions/A/Frameworks/SearchKit.framework/Versions/A/SearchKit
0x00000001a853f000 	/System/Library/Frameworks/CoreServices.framework/Versions/A/Frameworks/AE.framework/Versions/A/AE
0x00000001a2267000 	/System/Library/Frameworks/CoreServices.framework/Versions/A/Frameworks/LaunchServices.framework/Versions/A/LaunchServices
0x00000001ad072000 	/System/Library/Frameworks/CoreServices.framework/Versions/A/Frameworks/DictionaryServices.framework/Versions/A/DictionaryServices
0x00000001a921d000 	/System/Library/Frameworks/CoreServices.framework/Versions/A/Frameworks/SharedFileList.framework/Versions/A/SharedFileList
0x00000001abec3000 	/usr/lib/libCheckFix.dylib
0x00000001a6e6e000 	/System/Library/PrivateFrameworks/TCC.framework/Versions/A/TCC
0x00000001ab367000 	/System/Library/PrivateFrameworks/CoreNLP.framework/Versions/A/CoreNLP
0x00000001a87a0000 	/System/Library/PrivateFrameworks/MetadataUtilities.framework/Versions/A/MetadataUtilities
0x00000001a29d1000 	/usr/lib/libmecabra.dylib
0x00000001abefc000 	/usr/lib/libmecab.dylib
0x00000001a299d000 	/usr/lib/libCRFSuite.dylib
0x00000001abf59000 	/usr/lib/libgermantok.dylib
0x00000001aca83000 	/usr/lib/libThaiTokenizer.dylib
0x00000001a8899000 	/System/Library/Frameworks/Accelerate.framework/Versions/A/Frameworks/vImage.framework/Versions/A/vImage
0x00000001b2c91000 	/System/Library/Frameworks/Accelerate.framework/Versions/A/Frameworks/vecLib.framework/Versions/A/vecLib
0x00000001ad190000 	/System/Library/Frameworks/Accelerate.framework/Versions/A/Frameworks/vecLib.framework/Versions/A/libvMisc.dylib
0x00000001aba0c000 	/System/Library/Frameworks/Accelerate.framework/Versions/A/Frameworks/vecLib.framework/Versions/A/libvDSP.dylib
0x00000001a25f2000 	/System/Library/Frameworks/Accelerate.framework/Versions/A/Frameworks/vecLib.framework/Versions/A/libBLAS.dylib
0x00000001acbad000 	/System/Library/Frameworks/Accelerate.framework/Versions/A/Frameworks/vecLib.framework/Versions/A/libLAPACK.dylib
0x00000001abf5c000 	/System/Library/Frameworks/Accelerate.framework/Versions/A/Frameworks/vecLib.framework/Versions/A/libLinearAlgebra.dylib
0x00000001acac2000 	/System/Library/Frameworks/Accelerate.framework/Versions/A/Frameworks/vecLib.framework/Versions/A/libSparseBLAS.dylib
0x00000001acba8000 	/System/Library/Frameworks/Accelerate.framework/Versions/A/Frameworks/vecLib.framework/Versions/A/libQuadrature.dylib
0x00000001ab460000 	/System/Library/Frameworks/Accelerate.framework/Versions/A/Frameworks/vecLib.framework/Versions/A/libBNNS.dylib
0x00000001a28b0000 	/System/Library/Frameworks/Accelerate.framework/Versions/A/Frameworks/vecLib.framework/Versions/A/libSparse.dylib
0x00000001ab458000 	/System/Library/PrivateFrameworks/LinguisticData.framework/Versions/A/LinguisticData
0x00000001a2868000 	/System/Library/PrivateFrameworks/Lexicon.framework/Versions/A/Lexicon
0x00000001ad188000 	/usr/lib/libChineseTokenizer.dylib
0x00000001a3016000 	/System/Library/PrivateFrameworks/LanguageModeling.framework/Versions/A/LanguageModeling
0x00000001aca85000 	/System/Library/PrivateFrameworks/AppleSauce.framework/Versions/A/AppleSauce
0x00000001abaf2000 	/System/Library/PrivateFrameworks/CoreEmoji.framework/Versions/A/CoreEmoji
0x00000001ac973000 	/usr/lib/libcmph.dylib
0x00000001a91f0000 	/System/Library/Frameworks/OpenDirectory.framework/Versions/A/Frameworks/CFOpenDirectory.framework/Versions/A/CFOpenDirectory
0x00000001a91e0000 	/System/Library/Frameworks/OpenDirectory.framework/Versions/A/OpenDirectory
0x00000001ad0e4000 	/System/Library/PrivateFrameworks/APFS.framework/Versions/A/APFS
0x00000001abe13000 	/System/Library/Frameworks/SecurityFoundation.framework/Versions/A/SecurityFoundation
0x00000001ad15a000 	/usr/lib/libutil.dylib
0x00000001a4753000 	/System/Library/PrivateFrameworks/CoreServicesStore.framework/Versions/A/CoreServicesStore
0x00000001ad15e000 	/usr/lib/libxslt.1.dylib
0x00000001abea7000 	/System/Library/PrivateFrameworks/BackgroundTaskManagement.framework/Versions/A/BackgroundTaskManagement
0x00000001ae3fc000 	/System/Library/Frameworks/ImageIO.framework/Versions/A/Resources/libRadiance.dylib
0x00000001ae405000 	/System/Library/Frameworks/ImageIO.framework/Versions/A/Resources/libJPEG.dylib
0x00000001ae356000 	/System/Library/Frameworks/ImageIO.framework/Versions/A/Resources/libPng.dylib
0x00000001ae378000 	/System/Library/Frameworks/ImageIO.framework/Versions/A/Resources/libTIFF.dylib
0x00000001ae460000 	/System/Library/Frameworks/ImageIO.framework/Versions/A/Resources/libGIF.dylib
0x00000001add8e000 	/System/Library/Frameworks/ImageIO.framework/Versions/A/Resources/libJP2.dylib
0x00000001ad4b0000 	/usr/lib/libexpat.1.dylib
0x00000001add49000 	/System/Library/PrivateFrameworks/AppleJPEG.framework/Versions/A/AppleJPEG
0x00000001aa86c000 	/System/Library/PrivateFrameworks/FontServices.framework/libFontParser.dylib
0x00000001a84e4000 	/System/Library/PrivateFrameworks/RunningBoardServices.framework/Versions/A/RunningBoardServices
0x00000001b8d97000 	/System/Library/PrivateFrameworks/IOSurfaceAccelerator.framework/Versions/A/IOSurfaceAccelerator
0x00000001ade7a000 	/System/Library/PrivateFrameworks/WatchdogClient.framework/Versions/A/WatchdogClient
0x00000001a3116000 	/System/Library/Frameworks/CoreDisplay.framework/Versions/A/CoreDisplay
0x00000001aa756000 	/System/Library/Frameworks/CoreMedia.framework/Versions/A/CoreMedia
0x00000001aa5e1000 	/System/Library/PrivateFrameworks/IOAccelerator.framework/Versions/A/IOAccelerator
0x00000001a9380000 	/System/Library/Frameworks/CoreVideo.framework/Versions/A/CoreVideo
0x00000001acad5000 	/System/Library/Frameworks/MetalPerformanceShaders.framework/Versions/A/MetalPerformanceShaders
0x00000001adeb9000 	/System/Library/Frameworks/VideoToolbox.framework/Versions/A/VideoToolbox
0x00000001a8428000 	/System/Library/PrivateFrameworks/BaseBoard.framework/Versions/A/BaseBoard
0x00000001a81b6000 	/System/Library/PrivateFrameworks/ProtocolBuffer.framework/Versions/A/ProtocolBuffer
0x00000001ae3f7000 	/System/Library/PrivateFrameworks/GPUWrangler.framework/Versions/A/GPUWrangler
0x00000001ae3d7000 	/System/Library/PrivateFrameworks/IOPresentment.framework/Versions/A/IOPresentment
0x00000001ae3ff000 	/System/Library/PrivateFrameworks/DSExternalDisplay.framework/Versions/A/DSExternalDisplay
0x0000000203446000 	/System/Library/Frameworks/OpenGL.framework/Versions/A/Libraries/libCoreFSCache.dylib
0x000000020e310000 	/System/Library/PrivateFrameworks/GPUCompiler.framework/Versions/31001/Libraries/libGPUCompilerUtils.dylib
0x00000001ae465000 	/System/Library/PrivateFrameworks/CMCaptureCore.framework/Versions/A/CMCaptureCore
0x00000001ada61000 	/System/Library/PrivateFrameworks/AppServerSupport.framework/Versions/A/AppServerSupport
0x00000001afceb000 	/System/Library/PrivateFrameworks/perfdata.framework/Versions/A/perfdata
0x00000001a3236000 	/System/Library/PrivateFrameworks/AudioToolboxCore.framework/Versions/A/AudioToolboxCore
0x00000001aa72f000 	/System/Library/PrivateFrameworks/caulk.framework/Versions/A/caulk
0x00000001af5e0000 	/usr/lib/libAudioStatistics.dylib
0x00000001c15fc000 	/System/Library/PrivateFrameworks/SystemPolicy.framework/Versions/A/SystemPolicy
0x00000001af84c000 	/usr/lib/libSMC.dylib
0x00000001b859e000 	/System/Library/Frameworks/CoreMIDI.framework/Versions/A/CoreMIDI
0x00000001ae324000 	/usr/lib/libAudioToolboxUtility.dylib
0x00000001bd75f000 	/System/Library/PrivateFrameworks/OSAServicesClient.framework/Versions/A/OSAServicesClient
0x00000001afcf8000 	/usr/lib/libperfcheck.dylib
0x00000001c211b000 	/usr/lib/libmis.dylib
0x00000002034a8000 	/System/Library/Frameworks/OpenGL.framework/Versions/A/Libraries/libGLU.dylib
0x0000000203467000 	/System/Library/Frameworks/OpenGL.framework/Versions/A/Libraries/libGFXShared.dylib
0x0000000203654000 	/System/Library/Frameworks/OpenGL.framework/Versions/A/Libraries/libGL.dylib
0x0000000203470000 	/System/Library/Frameworks/OpenGL.framework/Versions/A/Libraries/libGLImage.dylib
0x0000000203464000 	/System/Library/Frameworks/OpenGL.framework/Versions/A/Libraries/libCVMSPluginSupport.dylib
0x000000020344d000 	/System/Library/Frameworks/OpenGL.framework/Versions/A/Libraries/libCoreVMClient.dylib
0x00000001ab2e1000 	/System/Library/Frameworks/MetalPerformanceShaders.framework/Versions/A/Frameworks/MPSCore.framework/Versions/A/MPSCore
0x00000001ac482000 	/System/Library/Frameworks/MetalPerformanceShaders.framework/Versions/A/Frameworks/MPSImage.framework/Versions/A/MPSImage
0x00000001abf71000 	/System/Library/Frameworks/MetalPerformanceShaders.framework/Versions/A/Frameworks/MPSNeuralNetwork.framework/Versions/A/MPSNeuralNetwork
0x00000001ac3aa000 	/System/Library/Frameworks/MetalPerformanceShaders.framework/Versions/A/Frameworks/MPSMatrix.framework/Versions/A/MPSMatrix
0x00000001ac183000 	/System/Library/Frameworks/MetalPerformanceShaders.framework/Versions/A/Frameworks/MPSRayIntersector.framework/Versions/A/MPSRayIntersector
0x00000001ac3db000 	/System/Library/Frameworks/MetalPerformanceShaders.framework/Versions/A/Frameworks/MPSNDArray.framework/Versions/A/MPSNDArray
0x0000000205f4f000 	/System/Library/Frameworks/MetalPerformanceShaders.framework/Versions/A/Frameworks/MPSFunctions.framework/Versions/A/MPSFunctions
0x00000001a24c8000 	/System/Library/PrivateFrameworks/MetalTools.framework/Versions/A/MetalTools
0x00000001ab35f000 	/System/Library/PrivateFrameworks/AggregateDictionary.framework/Versions/A/AggregateDictionary
0x00000001ad295000 	/usr/lib/libIOReport.dylib
0x00000001b75b7000 	/System/Library/PrivateFrameworks/ASEProcessing.framework/Versions/A/ASEProcessing
0x00000001ad60a000 	/System/Library/PrivateFrameworks/FaceCore.framework/Versions/A/FaceCore
0x00000001ad5fc000 	/System/Library/PrivateFrameworks/GraphVisualizer.framework/Versions/A/GraphVisualizer
0x000000020e227000 	/System/Library/PrivateFrameworks/FontServices.framework/Versions/A/FontServices
0x00000001ada1d000 	/System/Library/PrivateFrameworks/OTSVG.framework/Versions/A/OTSVG
0x00000001a8f49000 	/System/Library/Frameworks/ApplicationServices.framework/Versions/A/Frameworks/ATS.framework/Versions/A/Resources/libFontRegistry.dylib
0x00000001ada6a000 	/System/Library/PrivateFrameworks/FontServices.framework/libhvf.dylib
0x000000020e228000 	/System/Library/PrivateFrameworks/FontServices.framework/libXTFontStaticRegistryData.dylib
0x00000002037f5000 	/System/Library/Frameworks/OpenCL.framework/Versions/A/OpenCL
0x00000001ad464000 	/System/Library/PrivateFrameworks/AppleVA.framework/Versions/A/AppleVA
0x00000001af608000 	/System/Library/Frameworks/ApplicationServices.framework/Versions/A/Frameworks/ATS.framework/Versions/A/ATS
0x00000001a7973000 	/System/Library/Frameworks/ApplicationServices.framework/Versions/A/Frameworks/HIServices.framework/Versions/A/HIServices
0x00000001ae46f000 	/System/Library/Frameworks/ApplicationServices.framework/Versions/A/Frameworks/PrintCore.framework/Versions/A/PrintCore
0x00000001af99f000 	/System/Library/Frameworks/ApplicationServices.framework/Versions/A/Frameworks/QD.framework/Versions/A/QD
0x00000001af997000 	/System/Library/Frameworks/ApplicationServices.framework/Versions/A/Frameworks/ColorSyncLegacy.framework/Versions/A/ColorSyncLegacy
0x00000001af5f4000 	/System/Library/Frameworks/ApplicationServices.framework/Versions/A/Frameworks/SpeechSynthesis.framework/Versions/A/SpeechSynthesis
0x00000001ae430000 	/System/Library/Frameworks/ApplicationServices.framework/Versions/A/Frameworks/ATSUI.framework/Versions/A/ATSUI
0x00000001af92c000 	/usr/lib/libcups.2.dylib
0x00000001afd06000 	/System/Library/Frameworks/Kerberos.framework/Versions/A/Kerberos
0x00000001afd17000 	/System/Library/Frameworks/GSS.framework/Versions/A/GSS
0x00000001af678000 	/usr/lib/libresolv.9.dylib
0x00000001ada79000 	/System/Library/PrivateFrameworks/Heimdal.framework/Versions/A/Heimdal
0x00000001b67ed000 	/System/Library/Frameworks/Kerberos.framework/Versions/A/Libraries/libHeimdalProxy.dylib
0x00000001a85c3000 	/System/Library/Frameworks/Network.framework/Versions/A/Network
0x00000001ad4cb000 	/usr/lib/libheimdal-asn1.dylib
0x00000001afd67000 	/System/Library/PrivateFrameworks/CommonAuth.framework/Versions/A/CommonAuth
0x00000001af56e000 	/System/Library/PrivateFrameworks/AudioSession.framework/Versions/A/AudioSession
0x00000001ad55d000 	/System/Library/PrivateFrameworks/MediaExperience.framework/Versions/A/MediaExperience
0x00000001af3f3000 	/System/Library/PrivateFrameworks/AudioSession.framework/libSessionUtility.dylib
0x00000001af9ab000 	/System/Library/PrivateFrameworks/AudioResourceArbitration.framework/Versions/A/AudioResourceArbitration
0x00000001b3b6e000 	/System/Library/PrivateFrameworks/PowerLog.framework/Versions/A/PowerLog
0x00000001ad4d5000 	/System/Library/PrivateFrameworks/IconFoundation.framework/Versions/A/IconFoundation
0x00000001b28b7000 	/System/Library/PrivateFrameworks/SpeechRecognitionCore.framework/Versions/A/SpeechRecognitionCore
0x0000000101f3c000 	/Applications/Eclipse.app/Contents/Eclipse/plugins/org.eclipse.justj.openjdk.hotspot.jre.full.macosx.aarch64_17.0.1.v20211116-1657/jre/lib/server/libjvm.dylib
0x0000000100e6c000 	/Applications/Eclipse.app/Contents/Eclipse/plugins/org.eclipse.justj.openjdk.hotspot.jre.full.macosx.aarch64_17.0.1.v20211116-1657/jre/lib/libjimage.dylib
0x0000000100f90000 	/Applications/Eclipse.app/Contents/Eclipse/plugins/org.eclipse.justj.openjdk.hotspot.jre.full.macosx.aarch64_17.0.1.v20211116-1657/jre/lib/libjdwp.dylib
0x0000000100fd8000 	/Applications/Eclipse.app/Contents/Eclipse/plugins/org.eclipse.justj.openjdk.hotspot.jre.full.macosx.aarch64_17.0.1.v20211116-1657/jre/lib/libjava.dylib
0x0000000100f60000 	/Applications/Eclipse.app/Contents/Eclipse/plugins/org.eclipse.justj.openjdk.hotspot.jre.full.macosx.aarch64_17.0.1.v20211116-1657/jre/lib/libinstrument.dylib
0x0000000100f78000 	/Applications/Eclipse.app/Contents/Eclipse/plugins/org.eclipse.justj.openjdk.hotspot.jre.full.macosx.aarch64_17.0.1.v20211116-1657/jre/lib/libzip.dylib
0x0000000101ea0000 	/Applications/Eclipse.app/Contents/Eclipse/plugins/org.eclipse.justj.openjdk.hotspot.jre.full.macosx.aarch64_17.0.1.v20211116-1657/jre/lib/libdt_socket.dylib
0x0000000101ed4000 	/Applications/Eclipse.app/Contents/Eclipse/plugins/org.eclipse.justj.openjdk.hotspot.jre.full.macosx.aarch64_17.0.1.v20211116-1657/jre/lib/libnio.dylib
0x0000000101f18000 	/Applications/Eclipse.app/Contents/Eclipse/plugins/org.eclipse.justj.openjdk.hotspot.jre.full.macosx.aarch64_17.0.1.v20211116-1657/jre/lib/libnet.dylib
0x0000000101ef4000 	/Applications/Eclipse.app/Contents/Eclipse/plugins/org.eclipse.justj.openjdk.hotspot.jre.full.macosx.aarch64_17.0.1.v20211116-1657/jre/lib/libverify.dylib
0x0000000101eb4000 	/Applications/Eclipse.app/Contents/Eclipse/plugins/org.eclipse.justj.openjdk.hotspot.jre.full.macosx.aarch64_17.0.1.v20211116-1657/jre/lib/libextnet.dylib


VM Arguments:
jvm_args: -XX:+ShowCodeDetailsInExceptionMessages -agentlib:jdwp=transport=dt_socket,suspend=y,address=localhost:60565 -ea -javaagent:/Applications/Eclipse.app/Contents/Eclipse/configuration/org.eclipse.osgi/213/0/.cp/lib/javaagent-shaded.jar -Dfile.encoding=UTF-8 
java_command: org.eclipse.jdt.internal.junit.runner.RemoteTestRunner -version 3 -port 60564 -testLoaderClass org.eclipse.jdt.internal.junit4.runner.JUnit4TestLoader -loaderpluginname org.eclipse.jdt.junit4.runtime -classNames tests.PublicTests
java_class_path (initial): /Applications/Eclipse.app/Contents/Eclipse/plugins/org.junit_4.13.2.v20211018-1956.jar:/Applications/Eclipse.app/Contents/Eclipse/plugins/org.hamcrest.core_1.3.0.v20180420-1519.jar:/Users/_bobal_/eclipse-workspace/MediaRentalManager/bin:/Applications/Eclipse.app/Contents/Eclipse/configuration/org.eclipse.osgi/211/0/.cp:/Applications/Eclipse.app/Contents/Eclipse/configuration/org.eclipse.osgi/210/0/.cp
Launcher Type: SUN_STANDARD

[Global flags]
     intx CICompilerCount                          = 4                                         {product} {ergonomic}
     uint ConcGCThreads                            = 2                                         {product} {ergonomic}
     uint G1ConcRefinementThreads                  = 8                                         {product} {ergonomic}
   size_t G1HeapRegionSize                         = 1048576                                   {product} {ergonomic}
    uintx GCDrainStackTargetSize                   = 64                                        {product} {ergonomic}
   size_t InitialHeapSize                          = 134217728                                 {product} {ergonomic}
   size_t MarkStackSize                            = 4194304                                   {product} {ergonomic}
   size_t MaxHeapSize                              = 2147483648                                {product} {ergonomic}
   size_t MaxNewSize                               = 1287651328                                {product} {ergonomic}
   size_t MinHeapDeltaBytes                        = 1048576                                   {product} {ergonomic}
   size_t MinHeapSize                              = 8388608                                   {product} {ergonomic}
    uintx NonNMethodCodeHeapSize                   = 5839564                                {pd product} {ergonomic}
    uintx NonProfiledCodeHeapSize                  = 122909338                              {pd product} {ergonomic}
    uintx ProfiledCodeHeapSize                     = 122909338                              {pd product} {ergonomic}
    uintx ReservedCodeCacheSize                    = 251658240                              {pd product} {ergonomic}
     bool SegmentedCodeCache                       = true                                      {product} {ergonomic}
     bool ShowCodeDetailsInExceptionMessages       = true                                   {manageable} {command line}
   size_t SoftMaxHeapSize                          = 2147483648                             {manageable} {ergonomic}
     bool UseCompressedClassPointers               = true                           {product lp64_product} {ergonomic}
     bool UseCompressedOops                        = true                           {product lp64_product} {ergonomic}
     bool UseG1GC                                  = true                                      {product} {ergonomic}
     bool UseNUMA                                  = false                                     {product} {ergonomic}
     bool UseNUMAInterleaving                      = false                                     {product} {ergonomic}

Logging:
Log output configuration:
 #0: stdout all=warning uptime,level,tags
 #1: stderr all=off uptime,level,tags

Environment Variables:
PATH=/usr/bin:/bin:/usr/sbin:/sbin
SHELL=/bin/zsh

Signal Handlers:
   SIGSEGV: _ZL13crash_handleriP9__siginfoPv in libjvm.dylib, mask=11100110000111110111111111111111, flags=SA_RESTART|SA_SIGINFO
    SIGBUS: _ZL13crash_handleriP9__siginfoPv in libjvm.dylib, mask=11100110000111110111111111111111, flags=SA_RESTART|SA_SIGINFO
    SIGFPE: _ZL13crash_handleriP9__siginfoPv in libjvm.dylib, mask=11100110000111110111111111111111, flags=SA_RESTART|SA_SIGINFO
   SIGPIPE: _ZL17javaSignalHandleriP9__siginfoPv in libjvm.dylib, mask=11100110000111110111111111111111, flags=SA_RESTART|SA_SIGINFO
   SIGXFSZ: _ZL17javaSignalHandleriP9__siginfoPv in libjvm.dylib, mask=11100110000111110111111111111111, flags=SA_RESTART|SA_SIGINFO
    SIGILL: _ZL13crash_handleriP9__siginfoPv in libjvm.dylib, mask=11100110000111110111111111111111, flags=SA_RESTART|SA_SIGINFO
   SIGUSR2: _ZL10SR_handleriP9__siginfoP17__darwin_ucontext in libjvm.dylib, mask=00100000000000000000000000000000, flags=SA_RESTART|SA_SIGINFO
    SIGHUP: _ZL11UserHandleriPvS_ in libjvm.dylib, mask=11100110000111110111111111111111, flags=SA_RESTART|SA_SIGINFO
    SIGINT: _ZL11UserHandleriPvS_ in libjvm.dylib, mask=11100110000111110111111111111111, flags=SA_RESTART|SA_SIGINFO
   SIGTERM: _ZL11UserHandleriPvS_ in libjvm.dylib, mask=11100110000111110111111111111111, flags=SA_RESTART|SA_SIGINFO
   SIGQUIT: _ZL11UserHandleriPvS_ in libjvm.dylib, mask=11100110000111110111111111111111, flags=SA_RESTART|SA_SIGINFO
   SIGTRAP: _ZL13crash_handleriP9__siginfoPv in libjvm.dylib, mask=11100110000111110111111111111111, flags=SA_RESTART|SA_SIGINFO


---------------  S Y S T E M  ---------------

OS:
uname: Darwin 21.6.0 Darwin Kernel Version 21.6.0: Mon Aug 22 20:20:05 PDT 2022; root:xnu-8020.140.49~2/RELEASE_ARM64_T8101 arm64
OS uptime: 26 days 9:41 hours
rlimit (soft/hard): STACK 8176k/65520k , CORE 0k/infinity , NPROC 1333/2000 , NOFILE 10240/infinity , AS infinity/infinity , CPU infinity/infinity , DATA infinity/infinity , FSIZE infinity/infinity , MEMLOCK infinity/infinity , RSS infinity/infinity
load average: 166.88 147.03 137.80

CPU: total 8 (initial active 8) 0x61:0x0:0x1b588bb3:0, fp, simd, crc, lse

Memory: 16k page, physical 8388608k(87664k free), swap 3145728k(1341248k free)

vm_info: OpenJDK 64-Bit Server VM (17.0.1+12) for bsd-aarch64 JRE (17.0.1+12), built on Oct 20 2021 13:53:09 by "jenkins" with clang Apple LLVM 12.0.0 (clang-1200.0.32.29)

END.
